<?xml version="1.0" encoding="UTF-8"?>
<testng-results ignored="0" total="2" passed="2" failed="0" skipped="0">
  <reporter-output>
  </reporter-output>
  <suite started-at="2024-03-01T00:08:48 IST" name="Suite" finished-at="2024-03-01T00:09:06 IST" duration-ms="17311">
    <groups>
    </groups>
    <test started-at="2024-03-01T00:08:48 IST" name="Test" finished-at="2024-03-01T00:09:06 IST" duration-ms="17311">
      <class name="execution.run">
        <test-method is-config="true" signature="precondition()[pri:0, instance:execution.run@72967906]" started-at="2024-03-01T00:08:48 IST" name="precondition" finished-at="2024-03-01T00:08:55 IST" duration-ms="6953" status="PASS">
          <reporter-output>
          </reporter-output>
        </test-method> <!-- precondition -->
        <test-method signature="runTestcases()[pri:0, instance:execution.run@72967906]" started-at="2024-03-01T00:08:55 IST" name="runTestcases" finished-at="2024-03-01T00:08:58 IST" duration-ms="3187" status="PASS">
          <reporter-output>
          </reporter-output>
        </test-method> <!-- runTestcases -->
        <test-method is-config="true" signature="postcondition()[pri:0, instance:execution.run@72967906]" started-at="2024-03-01T00:08:58 IST" name="postcondition" finished-at="2024-03-01T00:08:59 IST" duration-ms="203" status="PASS">
          <reporter-output>
          </reporter-output>
        </test-method> <!-- postcondition -->
      </class> <!-- execution.run -->
      <class name="execution.RunCreateLead">
        <test-method is-config="true" signature="precondition()[pri:0, instance:execution.RunCreateLead@52bf72b5]" started-at="2024-03-01T00:08:48 IST" name="precondition" finished-at="2024-03-01T00:08:55 IST" duration-ms="7060" status="PASS">
          <reporter-output>
          </reporter-output>
        </test-method> <!-- precondition -->
        <test-method signature="runCreateLead1()[pri:0, instance:execution.RunCreateLead@52bf72b5]" started-at="2024-03-01T00:08:55 IST" name="runCreateLead1" finished-at="2024-03-01T00:09:05 IST" duration-ms="9998" status="PASS">
          <reporter-output>
          </reporter-output>
        </test-method> <!-- runCreateLead1 -->
        <test-method is-config="true" signature="postcondition()[pri:0, instance:execution.RunCreateLead@52bf72b5]" started-at="2024-03-01T00:09:05 IST" name="postcondition" finished-at="2024-03-01T00:09:06 IST" duration-ms="209" status="PASS">
          <reporter-output>
          </reporter-output>
        </test-method> <!-- postcondition -->
      </class> <!-- execution.RunCreateLead -->
    </test> <!-- Test -->
  </suite> <!-- Suite -->
</testng-results>
