<?xml version="1.0" encoding="UTF-8"?>
<testng-results ignored="0" total="2" passed="2" failed="0" skipped="0">
  <reporter-output>
  </reporter-output>
  <suite started-at="2025-02-27T18:19:20 IST" name="Default suite" finished-at="2025-02-27T18:19:20 IST" duration-ms="60">
    <groups>
    </groups>
    <test started-at="2025-02-27T18:19:20 IST" name="Default test" finished-at="2025-02-27T18:19:20 IST" duration-ms="60">
      <class name="sample1.SingleDimensionDataProvider">
        <test-method signature="printUserData(java.lang.String)[pri:0, instance:sample1.SingleDimensionDataProvider@6b81ce95]" started-at="2025-02-27T18:19:20 IST" name="printUserData" data-provider="Familynames" finished-at="2025-02-27T18:19:20 IST" duration-ms="14" status="PASS">
          <params>
            <param index="0">
              <value>
                <![CDATA[Umar]]>
              </value>
            </param>
          </params>
          <reporter-output>
          </reporter-output>
        </test-method> <!-- printUserData -->
        <test-method signature="printUserData(java.lang.String)[pri:0, instance:sample1.SingleDimensionDataProvider@6b81ce95]" started-at="2025-02-27T18:19:20 IST" name="printUserData" data-provider="Familynames" finished-at="2025-02-27T18:19:20 IST" duration-ms="3" status="PASS">
          <params>
            <param index="0">
              <value>
                <![CDATA[Sherif]]>
              </value>
            </param>
          </params>
          <reporter-output>
          </reporter-output>
        </test-method> <!-- printUserData -->
      </class> <!-- sample1.SingleDimensionDataProvider -->
    </test> <!-- Default test -->
  </suite> <!-- Default suite -->
</testng-results>
